[2022-08-10 05:34:10,009 bit_vector.py run] INFO ran at commandline as: 
[2022-08-10 05:34:10,009 bit_vector.py run] INFO /Users/ymdt/src/DREEM_Herschlag/bin/dreem -fq1 /Users/ymdt/src/DREEM_Herschlag/test/resources/case_1/r1.fastq -fq2 /Users/ymdt/src/DREEM_Herschlag/test/resources/case_1/r2.fastq -fa /Users/ymdt/src/DREEM_Herschlag/test/resources/case_1/ref.fasta --sample case_1 --sample_info temp/samples.csv --library_info temp/case_1/library.csv --bootstrap_cl 0.95 --bootstrap_n_resamples 1000
[2022-08-10 05:34:10,009 bit_vector.py validate_files] INFO fasta file: /Users/ymdt/src/DREEM_Herschlag/test/resources/case_1/ref.fasta exists
[2022-08-10 05:34:10,009 bit_vector.py validate_files] INFO fastq file: /Users/ymdt/src/DREEM_Herschlag/test/resources/case_1/r1.fastq exists
[2022-08-10 05:34:10,010 bit_vector.py validate_files] INFO fastq2 file: /Users/ymdt/src/DREEM_Herschlag/test/resources/case_1/r2.fastq exists
[2022-08-10 05:34:10,010 bit_vector.py validate_files] INFO two fastq files supplied, thus assuming paired reads
[2022-08-10 05:34:10,010 bit_vector.py build_directories] INFO building directory structure
[2022-08-10 05:34:10,049 mapper.py __init__] INFO bowtie2 2.4.5 detected!
[2022-08-10 05:34:10,134 mapper.py __init__] INFO fastqc v0.11.9 detected!
[2022-08-10 05:34:10,162 mapper.py __init__] INFO trim_galore 0.6.6 detected!
[2022-08-10 05:34:10,220 mapper.py __init__] INFO cutapt 1.18 detected!
[2022-08-10 05:34:10,221 mapper.py __skip_without_overwrite] INFO SKIPPING fastqc, it has been run already! specify -overwrite to rerun
[2022-08-10 05:34:10,221 mapper.py __skip_without_overwrite] INFO SKIPPING trim_galore, it has been run already! specify -overwrite to rerun
[2022-08-10 05:34:10,221 mapper.py __skip_without_overwrite] INFO SKIPPING bowtie-build, it has been run already! specify -overwrite to rerun
[2022-08-10 05:34:10,221 mapper.py __skip_without_overwrite] INFO SKIPPING bowtie2 alignment, it has been run already! specify -overwrite to rerun
[2022-08-10 05:34:10,221 mapper.py __skip_without_overwrite] INFO SKIPPING picard BAM conversion, it has been run already! specify -overwrite to rerun
[2022-08-10 05:34:10,221 mapper.py __skip_without_overwrite] INFO SKIPPING picard BAM sort, it has been run already! specify -overwrite to rerun
[2022-08-10 05:34:10,221 mapper.py run] INFO finished mapping!
[2022-08-10 05:34:10,222 bit_vector.py run] INFO starting bitvector generation
[2022-08-10 05:34:10,226 bit_vector.py __run_picard_sam_convert] INFO SKIPPING picard SAM convert, it has been run already! specify -overwrite to rerun
[2022-08-10 05:34:10,226 bit_vector.py __generate_all_bit_vectors] INFO SKIPPING bit vector generation, it has run already! specify -overwrite to rerun
[2022-08-10 05:34:10,319 bit_vector.py run] INFO MUTATION SUMMARY:
| name          |   reads |   aligned |   no_mut |   1_mut |   2_mut |   3_mut |   3plus_mut |   sn |
|---------------|---------|-----------|----------|---------|---------|---------|-------------|------|
| mttr-6-alt-h3 |    2332 |     99.96 |    46.42 |   36.81 |   13.21 |    3.05 |        0.04 | 7.76 |
